# JRE version: Java(TM) SE Runtime Environment (8.0_371) (build 1.8.0_371-b11)
# Java VM: Java HotSpot(TM) 64-Bit Server VM (25.371-b11 mixed mode windows-amd64 compressed oops)
Heap:
 PSYoungGen      total 951808K, used 951431K [0x0000000741d00000, 0x0000000789d80000, 0x00000007c0000000)
  eden space 920576K, 100% used [0x0000000741d00000,0x000000077a000000,0x000000077a000000)
  from space 31232K, 98% used [0x0000000787f00000,0x0000000789d21df0,0x0000000789d80000)
  to   space 54272K, 56% used [0x0000000783380000,0x0000000785189df0,0x0000000786880000)
 ParOldGen       total 402432K, used 322176K [0x0000000645600000, 0x000000065df00000, 0x0000000741d00000)
  object space 402432K, 80% used [0x0000000645600000,0x00000006590a0290,0x000000065df00000)
 Metaspace       used 183099K, capacity 194203K, committed 194380K, reserved 1222656K
  class space    used 19854K, capacity 21834K, committed 21848K, reserved 1048576K
GC Heap History (10 events):
Event: 3485.829 GC heap after
Heap after GC invocations=57 (full 15):
 PSYoungGen      total 1117696K, used 44963K [0x0000000741d00000, 0x000000078fb00000, 0x00000007c0000000)
  eden space 1072640K, 0% used [0x0000000741d00000,0x0000000741d00000,0x0000000783480000)
  from space 45056K, 99% used [0x000000078cf00000,0x000000078fae8f30,0x000000078fb00000)
  to   space 57856K, 0% used [0x0000000788a00000,0x0000000788a00000,0x000000078c280000)
 ParOldGen       total 402432K, used 312784K [0x0000000645600000, 0x000000065df00000, 0x0000000741d00000)
  object space 402432K, 77% used [0x0000000645600000,0x00000006587741e0,0x000000065df00000)
 Metaspace       used 182913K, capacity 194071K, committed 194124K, reserved 1222656K
  class space    used 19854K, capacity 21834K, committed 21848K, reserved 1048576K
}
Event: 4467.129 GC heap before
{Heap before GC invocations=58 (full 15):
 PSYoungGen      total 1117696K, used 1117603K [0x0000000741d00000, 0x000000078fb00000, 0x00000007c0000000)
  eden space 1072640K, 100% used [0x0000000741d00000,0x0000000783480000,0x0000000783480000)
  from space 45056K, 99% used [0x000000078cf00000,0x000000078fae8f30,0x000000078fb00000)
  to   space 57856K, 0% used [0x0000000788a00000,0x0000000788a00000,0x000000078c280000)
 ParOldGen       total 402432K, used 312784K [0x0000000645600000, 0x000000065df00000, 0x0000000741d00000)
  object space 402432K, 77% used [0x0000000645600000,0x00000006587741e0,0x000000065df00000)
 Metaspace       used 182971K, capacity 194071K, committed 194124K, reserved 1222656K
  class space    used 19854K, capacity 21834K, committed 21848K, reserved 1048576K
Event: 4467.162 GC heap after
Heap after GC invocations=58 (full 15):
 PSYoungGen      total 1072128K, used 40204K [0x0000000741d00000, 0x000000078cf80000, 0x00000007c0000000)
  eden space 1031680K, 0% used [0x0000000741d00000,0x0000000741d00000,0x0000000780c80000)
  from space 40448K, 99% used [0x0000000788a00000,0x000000078b1431f0,0x000000078b180000)
  to   space 30720K, 0% used [0x000000078b180000,0x000000078b180000,0x000000078cf80000)
 ParOldGen       total 402432K, used 312792K [0x0000000645600000, 0x000000065df00000, 0x0000000741d00000)
  object space 402432K, 77% used [0x0000000645600000,0x00000006587761e0,0x000000065df00000)
 Metaspace       used 182971K, capacity 194071K, committed 194124K, reserved 1222656K
  class space    used 19854K, capacity 21834K, committed 21848K, reserved 1048576K
}
Event: 5413.642 GC heap before
{Heap before GC invocations=59 (full 15):
 PSYoungGen      total 1072128K, used 1071884K [0x0000000741d00000, 0x000000078cf80000, 0x00000007c0000000)
  eden space 1031680K, 100% used [0x0000000741d00000,0x0000000780c80000,0x0000000780c80000)
  from space 40448K, 99% used [0x0000000788a00000,0x000000078b1431f0,0x000000078b180000)
  to   space 30720K, 0% used [0x000000078b180000,0x000000078b180000,0x000000078cf80000)
 ParOldGen       total 402432K, used 312792K [0x0000000645600000, 0x000000065df00000, 0x0000000741d00000)
  object space 402432K, 77% used [0x0000000645600000,0x00000006587761e0,0x000000065df00000)
 Metaspace       used 183057K, capacity 194139K, committed 194380K, reserved 1222656K
  class space    used 19854K, capacity 21834K, committed 21848K, reserved 1048576K
Event: 5413.661 GC heap after
Heap after GC invocations=59 (full 15):
 PSYoungGen      total 1023488K, used 30706K [0x0000000741d00000, 0x000000078cf80000, 0x00000007c0000000)
  eden space 992768K, 0% used [0x0000000741d00000,0x0000000741d00000,0x000000077e680000)
  from space 30720K, 99% used [0x000000078b180000,0x000000078cf7ca10,0x000000078cf80000)
  to   space 56832K, 0% used [0x0000000786080000,0x0000000786080000,0x0000000789800000)
 ParOldGen       total 402432K, used 322168K [0x0000000645600000, 0x000000065df00000, 0x0000000741d00000)
  object space 402432K, 80% used [0x0000000645600000,0x000000065909e290,0x000000065df00000)
 Metaspace       used 183057K, capacity 194139K, committed 194380K, reserved 1222656K
  class space    used 19854K, capacity 21834K, committed 21848K, reserved 1048576K
}
Event: 6340.123 GC heap before
{Heap before GC invocations=60 (full 15):
 PSYoungGen      total 1023488K, used 1023474K [0x0000000741d00000, 0x000000078cf80000, 0x00000007c0000000)
  eden space 992768K, 100% used [0x0000000741d00000,0x000000077e680000,0x000000077e680000)
  from space 30720K, 99% used [0x000000078b180000,0x000000078cf7ca10,0x000000078cf80000)
  to   space 56832K, 0% used [0x0000000786080000,0x0000000786080000,0x0000000789800000)
 ParOldGen       total 402432K, used 322168K [0x0000000645600000, 0x000000065df00000, 0x0000000741d00000)
  object space 402432K, 80% used [0x0000000645600000,0x000000065909e290,0x000000065df00000)
 Metaspace       used 183070K, capacity 194139K, committed 194380K, reserved 1222656K
  class space    used 19854K, capacity 21834K, committed 21848K, reserved 1048576K
Event: 6340.177 GC heap after
Heap after GC invocations=60 (full 15):
 PSYoungGen      total 987136K, used 30855K [0x0000000741d00000, 0x000000078b200000, 0x00000007c0000000)
  eden space 955904K, 0% used [0x0000000741d00000,0x0000000741d00000,0x000000077c280000)
  from space 31232K, 98% used [0x0000000786080000,0x0000000787ea1db0,0x0000000787f00000)
  to   space 52224K, 0% used [0x0000000787f00000,0x0000000787f00000,0x000000078b200000)
 ParOldGen       total 402432K, used 322168K [0x0000000645600000, 0x000000065df00000, 0x0000000741d00000)
  object space 402432K, 80% used [0x0000000645600000,0x000000065909e290,0x000000065df00000)
 Metaspace       used 183070K, capacity 194139K, committed 194380K, reserved 1222656K
  class space    used 19854K, capacity 21834K, committed 21848K, reserved 1048576K
}
Event: 7236.500 GC heap before
{Heap before GC invocations=61 (full 15):
 PSYoungGen      total 987136K, used 986759K [0x0000000741d00000, 0x000000078b200000, 0x00000007c0000000)
  eden space 955904K, 100% used [0x0000000741d00000,0x000000077c280000,0x000000077c280000)
  from space 31232K, 98% used [0x0000000786080000,0x0000000787ea1db0,0x0000000787f00000)
  to   space 52224K, 0% used [0x0000000787f00000,0x0000000787f00000,0x000000078b200000)
 ParOldGen       total 402432K, used 322168K [0x0000000645600000, 0x000000065df00000, 0x0000000741d00000)
  object space 402432K, 80% used [0x0000000645600000,0x000000065909e290,0x000000065df00000)
 Metaspace       used 183093K, capacity 194203K, committed 194380K, reserved 1222656K
  class space    used 19854K, capacity 21834K, committed 21848K, reserved 1048576K
Event: 7236.533 GC heap after
Heap after GC invocations=61 (full 15):
 PSYoungGen      total 951808K, used 30855K [0x0000000741d00000, 0x0000000789d80000, 0x00000007c0000000)
  eden space 920576K, 0% used [0x0000000741d00000,0x0000000741d00000,0x000000077a000000)
  from space 31232K, 98% used [0x0000000787f00000,0x0000000789d21df0,0x0000000789d80000)
  to   space 54272K, 0% used [0x0000000783380000,0x0000000783380000,0x0000000786880000)
 ParOldGen       total 402432K, used 322168K [0x0000000645600000, 0x000000065df00000, 0x0000000741d00000)
  object space 402432K, 80% used [0x0000000645600000,0x000000065909e290,0x000000065df00000)
 Metaspace       used 183093K, capacity 194203K, committed 194380K, reserved 1222656K
  class space    used 19854K, capacity 21834K, committed 21848K, reserved 1048576K
}
Event: 8103.552 GC heap before
{Heap before GC invocations=62 (full 15):
 PSYoungGen      total 951808K, used 951431K [0x0000000741d00000, 0x0000000789d80000, 0x00000007c0000000)
  eden space 920576K, 100% used [0x0000000741d00000,0x000000077a000000,0x000000077a000000)
  from space 31232K, 98% used [0x0000000787f00000,0x0000000789d21df0,0x0000000789d80000)
  to   space 54272K, 0% used [0x0000000783380000,0x0000000783380000,0x0000000786880000)
 ParOldGen       total 402432K, used 322168K [0x0000000645600000, 0x000000065df00000, 0x0000000741d00000)
  object space 402432K, 80% used [0x0000000645600000,0x000000065909e290,0x000000065df00000)
 Metaspace       used 183099K, capacity 194203K, committed 194380K, reserved 1222656K
  class space    used 19854K, capacity 21834K, committed 21848K, reserved 1048576K

