# JRE version: Java(TM) SE Runtime Environment (8.0_371) (build 1.8.0_371-b11)
# Java VM: Java HotSpot(TM) 64-Bit Server VM (25.371-b11 mixed mode windows-amd64 compressed oops)
Heap:
 PSYoungGen      total 931840K, used 31733K [0x0000000741d00000, 0x000000078bc00000, 0x00000007c0000000)
  eden space 900096K, 0% used [0x0000000741d00000,0x0000000741d00000,0x0000000778c00000)
  from space 31744K, 99% used [0x0000000789d00000,0x000000078bbfd6c0,0x000000078bc00000)
  to   space 52224K, 0% used [0x0000000785600000,0x0000000785600000,0x0000000788900000)
 ParOldGen       total 400896K, used 398466K [0x0000000645600000, 0x000000065dd80000, 0x0000000741d00000)
  object space 400896K, 99% used [0x0000000645600000,0x000000065db20a38,0x000000065dd80000)
 Metaspace       used 193253K, capacity 208625K, committed 208788K, reserved 1234944K
  class space    used 20640K, capacity 23338K, committed 23444K, reserved 1048576K
GC Heap History (10 events):
Event: 7825.170 GC heap after
Heap after GC invocations=74 (full 20):
 PSYoungGen      total 1087488K, used 37874K [0x0000000741d00000, 0x0000000790680000, 0x00000007c0000000)
  eden space 1049600K, 0% used [0x0000000741d00000,0x0000000741d00000,0x0000000781e00000)
  from space 37888K, 99% used [0x000000078e180000,0x000000079067c930,0x0000000790680000)
  to   space 57856K, 0% used [0x0000000789580000,0x0000000789580000,0x000000078ce00000)
 ParOldGen       total 397824K, used 392457K [0x0000000645600000, 0x000000065da80000, 0x0000000741d00000)
  object space 397824K, 98% used [0x0000000645600000,0x000000065d542420,0x000000065da80000)
 Metaspace       used 192360K, capacity 207691K, committed 207892K, reserved 1234944K
  class space    used 20618K, capacity 23297K, committed 23316K, reserved 1048576K
}
Event: 8826.960 GC heap before
{Heap before GC invocations=75 (full 20):
 PSYoungGen      total 1087488K, used 1087474K [0x0000000741d00000, 0x0000000790680000, 0x00000007c0000000)
  eden space 1049600K, 100% used [0x0000000741d00000,0x0000000781e00000,0x0000000781e00000)
  from space 37888K, 99% used [0x000000078e180000,0x000000079067c930,0x0000000790680000)
  to   space 57856K, 0% used [0x0000000789580000,0x0000000789580000,0x000000078ce00000)
 ParOldGen       total 397824K, used 392457K [0x0000000645600000, 0x000000065da80000, 0x0000000741d00000)
  object space 397824K, 98% used [0x0000000645600000,0x000000065d542420,0x000000065da80000)
 Metaspace       used 192571K, capacity 207955K, committed 208148K, reserved 1234944K
  class space    used 20623K, capacity 23307K, committed 23316K, reserved 1048576K
Event: 8826.998 GC heap after
Heap after GC invocations=75 (full 20):
 PSYoungGen      total 1048576K, used 38657K [0x0000000741d00000, 0x000000078e200000, 0x00000007c0000000)
  eden space 1009664K, 0% used [0x0000000741d00000,0x0000000741d00000,0x000000077f700000)
  from space 38912K, 99% used [0x0000000789580000,0x000000078bb405f0,0x000000078bb80000)
  to   space 39424K, 0% used [0x000000078bb80000,0x000000078bb80000,0x000000078e200000)
 ParOldGen       total 397824K, used 392465K [0x0000000645600000, 0x000000065da80000, 0x0000000741d00000)
  object space 397824K, 98% used [0x0000000645600000,0x000000065d544420,0x000000065da80000)
 Metaspace       used 192571K, capacity 207955K, committed 208148K, reserved 1234944K
  class space    used 20623K, capacity 23307K, committed 23316K, reserved 1048576K
}
Event: 9832.198 GC heap before
{Heap before GC invocations=76 (full 20):
 PSYoungGen      total 1048576K, used 1048321K [0x0000000741d00000, 0x000000078e200000, 0x00000007c0000000)
  eden space 1009664K, 100% used [0x0000000741d00000,0x000000077f700000,0x000000077f700000)
  from space 38912K, 99% used [0x0000000789580000,0x000000078bb405f0,0x000000078bb80000)
  to   space 39424K, 0% used [0x000000078bb80000,0x000000078bb80000,0x000000078e200000)
 ParOldGen       total 397824K, used 392465K [0x0000000645600000, 0x000000065da80000, 0x0000000741d00000)
  object space 397824K, 98% used [0x0000000645600000,0x000000065d544420,0x000000065da80000)
 Metaspace       used 192579K, capacity 207955K, committed 208148K, reserved 1234944K
  class space    used 20623K, capacity 23307K, committed 23316K, reserved 1048576K
Event: 9832.215 GC heap after
Heap after GC invocations=76 (full 20):
 PSYoungGen      total 1010176K, used 38610K [0x0000000741d00000, 0x000000078e180000, 0x00000007c0000000)
  eden space 971264K, 0% used [0x0000000741d00000,0x0000000741d00000,0x000000077d180000)
  from space 38912K, 99% used [0x000000078bb80000,0x000000078e134a00,0x000000078e180000)
  to   space 54784K, 0% used [0x0000000787680000,0x0000000787680000,0x000000078ac00000)
 ParOldGen       total 397824K, used 392473K [0x0000000645600000, 0x000000065da80000, 0x0000000741d00000)
  object space 397824K, 98% used [0x0000000645600000,0x000000065d546420,0x000000065da80000)
 Metaspace       used 192579K, capacity 207955K, committed 208148K, reserved 1234944K
  class space    used 20623K, capacity 23307K, committed 23316K, reserved 1048576K
}
Event: 10778.320 GC heap before
{Heap before GC invocations=77 (full 20):
 PSYoungGen      total 1010176K, used 1009874K [0x0000000741d00000, 0x000000078e180000, 0x00000007c0000000)
  eden space 971264K, 100% used [0x0000000741d00000,0x000000077d180000,0x000000077d180000)
  from space 38912K, 99% used [0x000000078bb80000,0x000000078e134a00,0x000000078e180000)
  to   space 54784K, 0% used [0x0000000787680000,0x0000000787680000,0x000000078ac00000)
 ParOldGen       total 397824K, used 392473K [0x0000000645600000, 0x000000065da80000, 0x0000000741d00000)
  object space 397824K, 98% used [0x0000000645600000,0x000000065d546420,0x000000065da80000)
 Metaspace       used 192687K, capacity 208033K, committed 208148K, reserved 1234944K
  class space    used 20624K, capacity 23308K, committed 23316K, reserved 1048576K
Event: 10778.365 GC heap after
Heap after GC invocations=77 (full 20):
 PSYoungGen      total 974336K, used 39127K [0x0000000741d00000, 0x000000078bc00000, 0x00000007c0000000)
  eden space 934912K, 0% used [0x0000000741d00000,0x0000000741d00000,0x000000077ae00000)
  from space 39424K, 99% used [0x0000000787680000,0x0000000789cb5ee0,0x0000000789d00000)
  to   space 31744K, 0% used [0x0000000789d00000,0x0000000789d00000,0x000000078bc00000)
 ParOldGen       total 397824K, used 392481K [0x0000000645600000, 0x000000065da80000, 0x0000000741d00000)
  object space 397824K, 98% used [0x0000000645600000,0x000000065d548420,0x000000065da80000)
 Metaspace       used 192687K, capacity 208033K, committed 208148K, reserved 1234944K
  class space    used 20624K, capacity 23308K, committed 23316K, reserved 1048576K
}
Event: 11559.363 GC heap before
{Heap before GC invocations=78 (full 20):
 PSYoungGen      total 974336K, used 974039K [0x0000000741d00000, 0x000000078bc00000, 0x00000007c0000000)
  eden space 934912K, 100% used [0x0000000741d00000,0x000000077ae00000,0x000000077ae00000)
  from space 39424K, 99% used [0x0000000787680000,0x0000000789cb5ee0,0x0000000789d00000)
  to   space 31744K, 0% used [0x0000000789d00000,0x0000000789d00000,0x000000078bc00000)
 ParOldGen       total 397824K, used 392481K [0x0000000645600000, 0x000000065da80000, 0x0000000741d00000)
  object space 397824K, 98% used [0x0000000645600000,0x000000065d548420,0x000000065da80000)
 Metaspace       used 193253K, capacity 208625K, committed 208788K, reserved 1234944K
  class space    used 20640K, capacity 23338K, committed 23444K, reserved 1048576K
Event: 11559.383 GC heap after
Heap after GC invocations=78 (full 20):
 PSYoungGen      total 931840K, used 31733K [0x0000000741d00000, 0x000000078bc00000, 0x00000007c0000000)
  eden space 900096K, 0% used [0x0000000741d00000,0x0000000741d00000,0x0000000778c00000)
  from space 31744K, 99% used [0x0000000789d00000,0x000000078bbfd6c0,0x000000078bc00000)
  to   space 52224K, 0% used [0x0000000785600000,0x0000000785600000,0x0000000788900000)
 ParOldGen       total 400896K, used 398466K [0x0000000645600000, 0x000000065dd80000, 0x0000000741d00000)
  object space 400896K, 99% used [0x0000000645600000,0x000000065db20a38,0x000000065dd80000)
 Metaspace       used 193253K, capacity 208625K, committed 208788K, reserved 1234944K
  class space    used 20640K, capacity 23338K, committed 23444K, reserved 1048576K
}
Event: 11559.384 GC heap before
{Heap before GC invocations=79 (full 21):
 PSYoungGen      total 931840K, used 31733K [0x0000000741d00000, 0x000000078bc00000, 0x00000007c0000000)
  eden space 900096K, 0% used [0x0000000741d00000,0x0000000741d00000,0x0000000778c00000)
  from space 31744K, 99% used [0x0000000789d00000,0x000000078bbfd6c0,0x000000078bc00000)
  to   space 52224K, 0% used [0x0000000785600000,0x0000000785600000,0x0000000788900000)
 ParOldGen       total 400896K, used 398466K [0x0000000645600000, 0x000000065dd80000, 0x0000000741d00000)
  object space 400896K, 99% used [0x0000000645600000,0x000000065db20a38,0x000000065dd80000)
 Metaspace       used 193253K, capacity 208625K, committed 208788K, reserved 1234944K
  class space    used 20640K, capacity 23338K, committed 23444K, reserved 1048576K

