# JRE version: Java(TM) SE Runtime Environment (8.0_371) (build 1.8.0_371-b11)
# Java VM: Java HotSpot(TM) 64-Bit Server VM (25.371-b11 mixed mode windows-amd64 compressed oops)
Heap:
 PSYoungGen      total 153088K, used 2712K [0x0000000741d00000, 0x000000074da00000, 0x00000007c0000000)
  eden space 150016K, 0% used [0x0000000741d00000,0x0000000741d00000,0x000000074af80000)
  from space 3072K, 88% used [0x000000074d700000,0x000000074d9a6080,0x000000074da00000)
  to   space 3072K, 0% used [0x000000074d400000,0x000000074d400000,0x000000074d700000)
 ParOldGen       total 1531904K, used 1071970K [0x0000000645600000, 0x00000006a2e00000, 0x0000000741d00000)
  object space 1531904K, 69% used [0x0000000645600000,0x0000000686cd8b08,0x00000006a2e00000)
 Metaspace       used 345752K, capacity 370057K, committed 370124K, reserved 1382400K
  class space    used 33532K, capacity 37844K, committed 37848K, reserved 1048576K
GC Heap History (10 events):
Event: 26559.611 GC heap after
Heap after GC invocations=448 (full 46):
 PSYoungGen      total 156160K, used 1042K [0x0000000741d00000, 0x000000074dd80000, 0x00000007c0000000)
  eden space 154624K, 0% used [0x0000000741d00000,0x0000000741d00000,0x000000074b400000)
  from space 1536K, 67% used [0x000000074dc00000,0x000000074dd04960,0x000000074dd80000)
  to   space 3072K, 0% used [0x000000074d780000,0x000000074d780000,0x000000074da80000)
 ParOldGen       total 1531904K, used 1071474K [0x0000000645600000, 0x00000006a2e00000, 0x0000000741d00000)
  object space 1531904K, 69% used [0x0000000645600000,0x0000000686c5c9c8,0x00000006a2e00000)
 Metaspace       used 345749K, capacity 370051K, committed 370124K, reserved 1382400K
  class space    used 33532K, capacity 37842K, committed 37848K, reserved 1048576K
}
Event: 26579.935 GC heap before
{Heap before GC invocations=449 (full 46):
 PSYoungGen      total 156160K, used 155666K [0x0000000741d00000, 0x000000074dd80000, 0x00000007c0000000)
  eden space 154624K, 100% used [0x0000000741d00000,0x000000074b400000,0x000000074b400000)
  from space 1536K, 67% used [0x000000074dc00000,0x000000074dd04960,0x000000074dd80000)
  to   space 3072K, 0% used [0x000000074d780000,0x000000074d780000,0x000000074da80000)
 ParOldGen       total 1531904K, used 1071474K [0x0000000645600000, 0x00000006a2e00000, 0x0000000741d00000)
  object space 1531904K, 69% used [0x0000000645600000,0x0000000686c5c9c8,0x00000006a2e00000)
 Metaspace       used 345749K, capacity 370051K, committed 370124K, reserved 1382400K
  class space    used 33532K, capacity 37842K, committed 37848K, reserved 1048576K
Event: 26579.944 GC heap after
Heap after GC invocations=449 (full 46):
 PSYoungGen      total 154624K, used 1335K [0x0000000741d00000, 0x000000074dc80000, 0x00000007c0000000)
  eden space 153088K, 0% used [0x0000000741d00000,0x0000000741d00000,0x000000074b280000)
  from space 1536K, 86% used [0x000000074d780000,0x000000074d8cdd50,0x000000074d900000)
  to   space 3072K, 0% used [0x000000074d980000,0x000000074d980000,0x000000074dc80000)
 ParOldGen       total 1531904K, used 1071474K [0x0000000645600000, 0x00000006a2e00000, 0x0000000741d00000)
  object space 1531904K, 69% used [0x0000000645600000,0x0000000686c5c9c8,0x00000006a2e00000)
 Metaspace       used 345749K, capacity 370051K, committed 370124K, reserved 1382400K
  class space    used 33532K, capacity 37842K, committed 37848K, reserved 1048576K
}
Event: 26600.537 GC heap before
{Heap before GC invocations=450 (full 46):
 PSYoungGen      total 154624K, used 154423K [0x0000000741d00000, 0x000000074dc80000, 0x00000007c0000000)
  eden space 153088K, 100% used [0x0000000741d00000,0x000000074b280000,0x000000074b280000)
  from space 1536K, 86% used [0x000000074d780000,0x000000074d8cdd50,0x000000074d900000)
  to   space 3072K, 0% used [0x000000074d980000,0x000000074d980000,0x000000074dc80000)
 ParOldGen       total 1531904K, used 1071474K [0x0000000645600000, 0x00000006a2e00000, 0x0000000741d00000)
  object space 1531904K, 69% used [0x0000000645600000,0x0000000686c5c9c8,0x00000006a2e00000)
 Metaspace       used 345749K, capacity 370051K, committed 370124K, reserved 1382400K
  class space    used 33532K, capacity 37842K, committed 37848K, reserved 1048576K
Event: 26600.549 GC heap after
Heap after GC invocations=450 (full 46):
 PSYoungGen      total 153088K, used 1528K [0x0000000741d00000, 0x000000074db00000, 0x00000007c0000000)
  eden space 151552K, 0% used [0x0000000741d00000,0x0000000741d00000,0x000000074b100000)
  from space 1536K, 99% used [0x000000074d980000,0x000000074dafe080,0x000000074db00000)
  to   space 3072K, 0% used [0x000000074d500000,0x000000074d500000,0x000000074d800000)
 ParOldGen       total 1531904K, used 1071970K [0x0000000645600000, 0x00000006a2e00000, 0x0000000741d00000)
  object space 1531904K, 69% used [0x0000000645600000,0x0000000686cd8b08,0x00000006a2e00000)
 Metaspace       used 345749K, capacity 370051K, committed 370124K, reserved 1382400K
  class space    used 33532K, capacity 37842K, committed 37848K, reserved 1048576K
}
Event: 26621.142 GC heap before
{Heap before GC invocations=451 (full 46):
 PSYoungGen      total 153088K, used 153080K [0x0000000741d00000, 0x000000074db00000, 0x00000007c0000000)
  eden space 151552K, 100% used [0x0000000741d00000,0x000000074b100000,0x000000074b100000)
  from space 1536K, 99% used [0x000000074d980000,0x000000074dafe080,0x000000074db00000)
  to   space 3072K, 0% used [0x000000074d500000,0x000000074d500000,0x000000074d800000)
 ParOldGen       total 1531904K, used 1071970K [0x0000000645600000, 0x00000006a2e00000, 0x0000000741d00000)
  object space 1531904K, 69% used [0x0000000645600000,0x0000000686cd8b08,0x00000006a2e00000)
 Metaspace       used 345749K, capacity 370051K, committed 370124K, reserved 1382400K
  class space    used 33532K, capacity 37842K, committed 37848K, reserved 1048576K
Event: 26621.152 GC heap after
Heap after GC invocations=451 (full 46):
 PSYoungGen      total 151552K, used 1112K [0x0000000741d00000, 0x000000074da00000, 0x00000007c0000000)
  eden space 150016K, 0% used [0x0000000741d00000,0x0000000741d00000,0x000000074af80000)
  from space 1536K, 72% used [0x000000074d500000,0x000000074d616080,0x000000074d680000)
  to   space 3072K, 0% used [0x000000074d700000,0x000000074d700000,0x000000074da00000)
 ParOldGen       total 1531904K, used 1071970K [0x0000000645600000, 0x00000006a2e00000, 0x0000000741d00000)
  object space 1531904K, 69% used [0x0000000645600000,0x0000000686cd8b08,0x00000006a2e00000)
 Metaspace       used 345749K, capacity 370051K, committed 370124K, reserved 1382400K
  class space    used 33532K, capacity 37842K, committed 37848K, reserved 1048576K
}
Event: 26625.118 GC heap before
{Heap before GC invocations=452 (full 46):
 PSYoungGen      total 151552K, used 44631K [0x0000000741d00000, 0x000000074da00000, 0x00000007c0000000)
  eden space 150016K, 29% used [0x0000000741d00000,0x000000074477fbb8,0x000000074af80000)
  from space 1536K, 72% used [0x000000074d500000,0x000000074d616080,0x000000074d680000)
  to   space 3072K, 0% used [0x000000074d700000,0x000000074d700000,0x000000074da00000)
 ParOldGen       total 1531904K, used 1071970K [0x0000000645600000, 0x00000006a2e00000, 0x0000000741d00000)
  object space 1531904K, 69% used [0x0000000645600000,0x0000000686cd8b08,0x00000006a2e00000)
 Metaspace       used 345752K, capacity 370057K, committed 370124K, reserved 1382400K
  class space    used 33532K, capacity 37844K, committed 37848K, reserved 1048576K
Event: 26625.126 GC heap after
Heap after GC invocations=452 (full 46):
 PSYoungGen      total 153088K, used 2712K [0x0000000741d00000, 0x000000074da00000, 0x00000007c0000000)
  eden space 150016K, 0% used [0x0000000741d00000,0x0000000741d00000,0x000000074af80000)
  from space 3072K, 88% used [0x000000074d700000,0x000000074d9a6080,0x000000074da00000)
  to   space 3072K, 0% used [0x000000074d400000,0x000000074d400000,0x000000074d700000)
 ParOldGen       total 1531904K, used 1071970K [0x0000000645600000, 0x00000006a2e00000, 0x0000000741d00000)
  object space 1531904K, 69% used [0x0000000645600000,0x0000000686cd8b08,0x00000006a2e00000)
 Metaspace       used 345752K, capacity 370057K, committed 370124K, reserved 1382400K
  class space    used 33532K, capacity 37844K, committed 37848K, reserved 1048576K
}
Event: 26625.126 GC heap before
{Heap before GC invocations=453 (full 47):
 PSYoungGen      total 153088K, used 2712K [0x0000000741d00000, 0x000000074da00000, 0x00000007c0000000)
  eden space 150016K, 0% used [0x0000000741d00000,0x0000000741d00000,0x000000074af80000)
  from space 3072K, 88% used [0x000000074d700000,0x000000074d9a6080,0x000000074da00000)
  to   space 3072K, 0% used [0x000000074d400000,0x000000074d400000,0x000000074d700000)
 ParOldGen       total 1531904K, used 1071970K [0x0000000645600000, 0x00000006a2e00000, 0x0000000741d00000)
  object space 1531904K, 69% used [0x0000000645600000,0x0000000686cd8b08,0x00000006a2e00000)
 Metaspace       used 345752K, capacity 370057K, committed 370124K, reserved 1382400K
  class space    used 33532K, capacity 37844K, committed 37848K, reserved 1048576K

